<?xml version="1.0" encoding="UTF-8"?>
<!-- Generated by org.testng.reporters.JUnitReportReporter -->
<testsuite skipped="0" hostname="DESKTOP-Q1EP7JF" name="Opportunity.TC_33_SearchWithDropdownAssignedTo_Test" tests="1" failures="0" timestamp="2021-05-04T12:33:56 IST" time="40.304" errors="0">
  <testcase name="AdvanceSearchRelatedTo" time="40.304" classname="Opportunity.TC_33_SearchWithDropdownAssignedTo_Test"/>
  <system-out/>
</testsuite> <!-- Opportunity.TC_33_SearchWithDropdownAssignedTo_Test -->
