<?xml version="1.0" encoding="UTF-8"?>
<!-- Generated by org.testng.reporters.JUnitReportReporter -->
<testsuite skipped="0" hostname="DESKTOP-Q1EP7JF" name="Oppoutunity.AdvanceSearch_TC32" tests="1" failures="0" timestamp="2021-04-29T00:33:16 IST" time="27.452" errors="0">
  <testcase name="AdvanceSearch" time="27.452" classname="Oppoutunity.AdvanceSearch_TC32"/>
  <system-out/>
</testsuite> <!-- Oppoutunity.AdvanceSearch_TC32 -->
