<?xml version="1.0" encoding="UTF-8"?>
<!-- Generated by org.testng.reporters.JUnitReportReporter -->
<testsuite skipped="0" hostname="DESKTOP-Q1EP7JF" name="Opportunity.CreateFilter_TC31" tests="1" failures="0" timestamp="2021-04-29T11:00:52 IST" time="38.379" errors="0">
  <testcase name="CreateFilter" time="38.379" classname="Opportunity.CreateFilter_TC31"/>
  <system-out/>
</testsuite> <!-- Opportunity.CreateFilter_TC31 -->
