<?xml version="1.0" encoding="UTF-8"?>
<!-- Generated by org.testng.reporters.JUnitReportReporter -->
<testsuite skipped="0" hostname="DESKTOP-Q1EP7JF" name="Opportunity.AdvanceSearch_TC33" tests="1" failures="0" timestamp="2021-04-29T11:00:52 IST" time="26.922" errors="0">
  <testcase name="AdvanceSearchRelatedTo" time="26.922" classname="Opportunity.AdvanceSearch_TC33"/>
  <system-out/>
</testsuite> <!-- Opportunity.AdvanceSearch_TC33 -->
