<?xml version="1.0" encoding="UTF-8"?>
<!-- Generated by org.testng.reporters.JUnitReportReporter -->
<testsuite skipped="0" hostname="DESKTOP-Q1EP7JF" name="Opportunity.TC_32_SearchWithDropdownExpectedCloseDate_Test" tests="1" failures="0" timestamp="2021-05-04T12:33:56 IST" time="30.982" errors="0">
  <testcase name="AdvanceSearch" time="30.982" classname="Opportunity.TC_32_SearchWithDropdownExpectedCloseDate_Test"/>
  <system-out/>
</testsuite> <!-- Opportunity.TC_32_SearchWithDropdownExpectedCloseDate_Test -->
