<?xml version="1.0" encoding="UTF-8"?>
<!-- Generated by org.testng.reporters.JUnitReportReporter -->
<testsuite skipped="0" hostname="DESKTOP-Q1EP7JF" name="Oppoutunity.createFilter_31" tests="1" failures="0" timestamp="2021-04-29T00:23:41 IST" time="32.483" errors="0">
  <testcase name="CreateFilter" time="32.483" classname="Oppoutunity.createFilter_31"/>
  <system-out/>
</testsuite> <!-- Oppoutunity.createFilter_31 -->
