<?xml version="1.0" encoding="UTF-8"?>
<!-- Generated by org.testng.reporters.JUnitReportReporter -->
<testsuite skipped="0" hostname="DESKTOP-Q1EP7JF" name="Oppoutunity.AdvanceSearch_TC35" tests="1" failures="0" timestamp="2021-04-29T01:06:05 IST" time="26.328" errors="0">
  <testcase name="AdvanceSearchRelatedTo" time="26.328" classname="Oppoutunity.AdvanceSearch_TC35"/>
  <system-out/>
</testsuite> <!-- Oppoutunity.AdvanceSearch_TC35 -->
