<?xml version="1.0" encoding="UTF-8"?>
<!-- Generated by org.testng.reporters.JUnitReportReporter -->
<testsuite skipped="0" hostname="DESKTOP-Q1EP7JF" name="Opportunity.AdvanceSearch_TC32" tests="1" failures="0" timestamp="2021-04-29T11:00:52 IST" time="32.215" errors="0">
  <testcase name="AdvanceSearch" time="32.215" classname="Opportunity.AdvanceSearch_TC32"/>
  <system-out/>
</testsuite> <!-- Opportunity.AdvanceSearch_TC32 -->
