<?xml version="1.0" encoding="UTF-8"?>
<!-- Generated by org.testng.reporters.JUnitReportReporter -->
<testsuite skipped="0" hostname="DESKTOP-Q1EP7JF" name="Opportunity.TC_31_createFilter_Test" tests="1" failures="0" timestamp="2021-04-29T12:05:29 IST" time="44.427" errors="0">
  <testcase name="CreateFilter" time="44.427" classname="Opportunity.TC_31_createFilter_Test"/>
  <system-out/>
</testsuite> <!-- Opportunity.TC_31_createFilter_Test -->
