<?xml version="1.0" encoding="UTF-8"?>
<!-- Generated by org.testng.reporters.JUnitReportReporter -->
<testsuite skipped="0" hostname="DESKTOP-Q1EP7JF" name="Oppoutunity.AdvanceSearch_TC34" tests="1" failures="0" timestamp="2021-04-29T00:56:29 IST" time="30.947" errors="0">
  <testcase name="AdvanceSearchRelatedTo" time="30.947" classname="Oppoutunity.AdvanceSearch_TC34"/>
  <system-out/>
</testsuite> <!-- Oppoutunity.AdvanceSearch_TC34 -->
