<?xml version="1.0" encoding="UTF-8"?>
<!-- Generated by org.testng.reporters.JUnitReportReporter -->
<testsuite skipped="0" hostname="DESKTOP-Q1EP7JF" name="Opportunity.TC_31_SearchWithDropdownRelatedTo_Test" tests="1" failures="0" timestamp="2021-05-06T00:39:22 IST" time="69.335" errors="0">
  <testcase name="CreateFilter" time="69.335" classname="Opportunity.TC_31_SearchWithDropdownRelatedTo_Test"/>
  <system-out/>
</testsuite> <!-- Opportunity.TC_31_SearchWithDropdownRelatedTo_Test -->
