<?xml version="1.0" encoding="UTF-8"?>
<!-- Generated by org.testng.reporters.JUnitReportReporter -->
<testsuite skipped="0" hostname="DESKTOP-Q1EP7JF" name="Oppoutunity.AdvanceSearch_TC33" tests="1" failures="0" timestamp="2021-04-29T00:42:01 IST" time="25.224" errors="0">
  <testcase name="AdvanceSearchRelatedTo" time="25.224" classname="Oppoutunity.AdvanceSearch_TC33"/>
  <system-out/>
</testsuite> <!-- Oppoutunity.AdvanceSearch_TC33 -->
