<?xml version="1.0" encoding="UTF-8"?>
<!-- Generated by org.testng.reporters.JUnitReportReporter -->
<testsuite skipped="0" hostname="DESKTOP-Q1EP7JF" name="Prac.Login" tests="1" failures="0" timestamp="2021-05-02T12:50:45 IST" time="14.662" errors="0">
  <testcase name="CreateFilter" time="14.662" classname="Prac.Login"/>
  <system-out/>
</testsuite> <!-- Prac.Login -->
