<?xml version="1.0" encoding="UTF-8"?>
<!-- Generated by org.testng.reporters.JUnitReportReporter -->
<testsuite skipped="0" hostname="DESKTOP-Q1EP7JF" name="Opportunity.TC_35__SearchWithDropdownRelatedToandSecondDropdownEqual_Test" tests="1" failures="0" timestamp="2021-05-04T11:29:29 IST" time="33.471" errors="0">
  <testcase name="AdvanceSearchRelatedTo" time="33.471" classname="Opportunity.TC_35__SearchWithDropdownRelatedToandSecondDropdownEqual_Test"/>
  <system-out/>
</testsuite> <!-- Opportunity.TC_35__SearchWithDropdownRelatedToandSecondDropdownEqual_Test -->
